<?xml version="1.0" encoding="utf-8"?>
<TestRun id="d333b21b-95c8-4d7f-9020-0a44da1ff2df" name="@MREM92633C9E 2023-09-29 17:34:17" xmlns="http://microsoft.com/schemas/VisualStudio/TeamTest/2010">
  <Times creation="2023-09-29T17:34:17.3704390+05:30" queuing="2023-09-29T17:34:17.3704400+05:30" start="2023-09-29T17:34:16.1974740+05:30" finish="2023-09-29T17:34:17.3883260+05:30" />
  <TestSettings name="default" id="4033cd50-e847-4de7-ad44-7d8efa4e2419">
    <Deployment runDeploymentRoot="_MREM92633C9E_2023-09-29_17_34_17" />
  </TestSettings>
  <Results>
    <UnitTestResult executionId="c9cee3a0-ba1e-4935-970e-a1ceed9df3a6" testId="f47ceb59-c37d-4c39-9513-6746dabe24bb" testName="TestSubtraction" computerName="MREM92633C9E" duration="00:00:00.0005798" startTime="2023-09-29T17:34:17.0821240+05:30" endTime="2023-09-29T17:34:17.0839690+05:30" testType="13cdc9d9-ddb5-4fa4-a97d-d965ccfc6d4b" outcome="Passed" testListId="8c84fa94-04c1-424b-9868-57a2d4851a1d" relativeResultsDirectory="c9cee3a0-ba1e-4935-970e-a1ceed9df3a6" />
    <UnitTestResult executionId="f1d4e51f-1c75-415c-b5db-fc3f4c8e8652" testId="28007242-dbd6-45cd-ba1e-bb222e6ffc08" testName="TestAddition" computerName="MREM92633C9E" duration="00:00:00.0037305" startTime="2023-09-29T17:34:17.0438790+05:30" endTime="2023-09-29T17:34:17.0751240+05:30" testType="13cdc9d9-ddb5-4fa4-a97d-d965ccfc6d4b" outcome="Passed" testListId="8c84fa94-04c1-424b-9868-57a2d4851a1d" relativeResultsDirectory="f1d4e51f-1c75-415c-b5db-fc3f4c8e8652" />
  </Results>
  <TestDefinitions>
    <UnitTest name="TestAddition" storage="/users/kiran.lakhani/mstestproj/mymstestproject/mymstestproject.tests/bin/debug/net7.0/mymstestproject.tests.dll" id="28007242-dbd6-45cd-ba1e-bb222e6ffc08">
      <Execution id="f1d4e51f-1c75-415c-b5db-fc3f4c8e8652" />
      <TestMethod codeBase="/Users/kiran.lakhani/MSTestProj/MyMSTestProject/MyMSTestProject.Tests/bin/Debug/net7.0/MyMSTestProject.Tests.dll" adapterTypeName="executor://mstestadapter/v2" className="MyMSTestProject.Tests.MyMSTest" name="TestAddition" />
    </UnitTest>
    <UnitTest name="TestSubtraction" storage="/users/kiran.lakhani/mstestproj/mymstestproject/mymstestproject.tests/bin/debug/net7.0/mymstestproject.tests.dll" id="f47ceb59-c37d-4c39-9513-6746dabe24bb">
      <Execution id="c9cee3a0-ba1e-4935-970e-a1ceed9df3a6" />
      <TestMethod codeBase="/Users/kiran.lakhani/MSTestProj/MyMSTestProject/MyMSTestProject.Tests/bin/Debug/net7.0/MyMSTestProject.Tests.dll" adapterTypeName="executor://mstestadapter/v2" className="MyMSTestProject.Tests.MyMSTest" name="TestSubtraction" />
    </UnitTest>
  </TestDefinitions>
  <TestEntries>
    <TestEntry testId="f47ceb59-c37d-4c39-9513-6746dabe24bb" executionId="c9cee3a0-ba1e-4935-970e-a1ceed9df3a6" testListId="8c84fa94-04c1-424b-9868-57a2d4851a1d" />
    <TestEntry testId="28007242-dbd6-45cd-ba1e-bb222e6ffc08" executionId="f1d4e51f-1c75-415c-b5db-fc3f4c8e8652" testListId="8c84fa94-04c1-424b-9868-57a2d4851a1d" />
  </TestEntries>
  <TestLists>
    <TestList name="Results Not in a List" id="8c84fa94-04c1-424b-9868-57a2d4851a1d" />
    <TestList name="All Loaded Results" id="19431567-8539-422a-85d7-44ee4e166bda" />
  </TestLists>
  <ResultSummary outcome="Completed">
    <Counters total="2" executed="2" passed="2" failed="0" error="0" timeout="0" aborted="0" inconclusive="0" passedButRunAborted="0" notRunnable="0" notExecuted="0" disconnected="0" warning="0" completed="0" inProgress="0" pending="0" />
  </ResultSummary>
</TestRun>
